<?xml version="1.0" encoding="UTF-8"?>
<testng-results ignored="0" total="1" passed="1" failed="0" skipped="0">
  <reporter-output>
  </reporter-output>
  <suite started-at="2023-10-30T04:12:26Z" name="Suite" finished-at="2023-10-30T04:12:26Z" duration-ms="28">
    <groups>
    </groups>
    <test started-at="2023-10-30T04:12:26Z" name="Test" finished-at="2023-10-30T04:12:26Z" duration-ms="28">
      <class name="Testng.test2">
        <test-method is-config="true" signature="beforeClass()[pri:0, instance:Testng.test2@4738a206]" started-at="2023-10-30T09:42:26Z" name="beforeClass" finished-at="2023-10-30T09:42:26Z" duration-ms="0" status="PASS">
          <reporter-output>
          </reporter-output>
        </test-method> <!-- beforeClass -->
        <test-method signature="test2()[pri:0, instance:Testng.test2@4738a206]" started-at="2023-10-30T09:42:26Z" name="test2" finished-at="2023-10-30T09:42:26Z" duration-ms="7" status="PASS">
          <reporter-output>
          </reporter-output>
        </test-method> <!-- test2 -->
        <test-method is-config="true" signature="afterClass()[pri:0, instance:Testng.test2@4738a206]" started-at="2023-10-30T09:42:26Z" name="afterClass" finished-at="2023-10-30T09:42:26Z" duration-ms="0" status="PASS">
          <reporter-output>
          </reporter-output>
        </test-method> <!-- afterClass -->
      </class> <!-- Testng.test2 -->
      <class name="Testng.NewTest">
        <test-method is-config="true" signature="beforeTest()[pri:0, instance:Testng.NewTest@614ca7df]" started-at="2023-10-30T09:42:26Z" name="beforeTest" finished-at="2023-10-30T09:42:26Z" duration-ms="1" status="PASS">
          <reporter-output>
          </reporter-output>
        </test-method> <!-- beforeTest -->
        <test-method is-config="true" signature="afterTest()[pri:0, instance:Testng.NewTest@614ca7df]" started-at="2023-10-30T09:42:26Z" name="afterTest" finished-at="2023-10-30T09:42:26Z" duration-ms="1" status="PASS">
          <reporter-output>
          </reporter-output>
        </test-method> <!-- afterTest -->
      </class> <!-- Testng.NewTest -->
      <class name="Testng.test">
        <test-method is-config="true" signature="beforeSuite()[pri:0, instance:Testng.test@6cd28fa7]" started-at="2023-10-30T09:42:26Z" name="beforeSuite" finished-at="2023-10-30T09:42:26Z" duration-ms="8" status="PASS">
          <reporter-output>
          </reporter-output>
        </test-method> <!-- beforeSuite -->
        <test-method is-config="true" signature="afterSuite()[pri:0, instance:Testng.test@6cd28fa7]" started-at="2023-10-30T09:42:27Z" name="afterSuite" finished-at="2023-10-30T09:42:27Z" duration-ms="1" status="PASS">
          <reporter-output>
          </reporter-output>
        </test-method> <!-- afterSuite -->
      </class> <!-- Testng.test -->
    </test> <!-- Test -->
  </suite> <!-- Suite -->
</testng-results>
